ARM GAS  /var/folders/g1/j12m_ky910s3_sv7d4yrsdn00000gn/T//ccj6MsqL.s 			page 1


   1              		.cpu cortex-m7
   2              		.arch armv7e-m
   3              		.fpu fpv5-d16
   4              		.eabi_attribute 28, 1
   5              		.eabi_attribute 20, 1
   6              		.eabi_attribute 21, 1
   7              		.eabi_attribute 23, 3
   8              		.eabi_attribute 24, 1
   9              		.eabi_attribute 25, 1
  10              		.eabi_attribute 26, 1
  11              		.eabi_attribute 30, 1
  12              		.eabi_attribute 34, 1
  13              		.eabi_attribute 18, 4
  14              		.file	"gpio.c"
  15              		.text
  16              	.Ltext0:
  17              		.cfi_sections	.debug_frame
  18              		.file 1 "Core/Src/gpio.c"
  19              		.section	.text.MX_GPIO_Init,"ax",%progbits
  20              		.align	1
  21              		.global	MX_GPIO_Init
  22              		.syntax unified
  23              		.thumb
  24              		.thumb_func
  26              	MX_GPIO_Init:
  27              	.LFB144:
   1:Core/Src/gpio.c **** /* USER CODE BEGIN Header */
   2:Core/Src/gpio.c **** /**
   3:Core/Src/gpio.c ****   ******************************************************************************
   4:Core/Src/gpio.c ****   * @file    gpio.c
   5:Core/Src/gpio.c ****   * @brief   This file provides code for the configuration
   6:Core/Src/gpio.c ****   *          of all used GPIO pins.
   7:Core/Src/gpio.c ****   ******************************************************************************
   8:Core/Src/gpio.c ****   * @attention
   9:Core/Src/gpio.c ****   *
  10:Core/Src/gpio.c ****   * Copyright (c) 2025 STMicroelectronics.
  11:Core/Src/gpio.c ****   * All rights reserved.
  12:Core/Src/gpio.c ****   *
  13:Core/Src/gpio.c ****   * This software is licensed under terms that can be found in the LICENSE file
  14:Core/Src/gpio.c ****   * in the root directory of this software component.
  15:Core/Src/gpio.c ****   * If no LICENSE file comes with this software, it is provided AS-IS.
  16:Core/Src/gpio.c ****   *
  17:Core/Src/gpio.c ****   ******************************************************************************
  18:Core/Src/gpio.c ****   */
  19:Core/Src/gpio.c **** /* USER CODE END Header */
  20:Core/Src/gpio.c **** 
  21:Core/Src/gpio.c **** /* Includes ------------------------------------------------------------------*/
  22:Core/Src/gpio.c **** #include "gpio.h"
  23:Core/Src/gpio.c **** 
  24:Core/Src/gpio.c **** /* USER CODE BEGIN 0 */
  25:Core/Src/gpio.c **** 
  26:Core/Src/gpio.c **** /* USER CODE END 0 */
  27:Core/Src/gpio.c **** 
  28:Core/Src/gpio.c **** /*----------------------------------------------------------------------------*/
  29:Core/Src/gpio.c **** /* Configure GPIO                                                             */
  30:Core/Src/gpio.c **** /*----------------------------------------------------------------------------*/
  31:Core/Src/gpio.c **** /* USER CODE BEGIN 1 */
ARM GAS  /var/folders/g1/j12m_ky910s3_sv7d4yrsdn00000gn/T//ccj6MsqL.s 			page 2


  32:Core/Src/gpio.c **** 
  33:Core/Src/gpio.c **** /* USER CODE END 1 */
  34:Core/Src/gpio.c **** 
  35:Core/Src/gpio.c **** /** Configure pins
  36:Core/Src/gpio.c ****      PA13 (JTMS/SWDIO)   ------> DEBUG_JTMS-SWDIO
  37:Core/Src/gpio.c ****      PA14 (JTCK/SWCLK)   ------> DEBUG_JTCK-SWCLK
  38:Core/Src/gpio.c **** */
  39:Core/Src/gpio.c **** void MX_GPIO_Init(void)
  40:Core/Src/gpio.c **** {
  28              		.loc 1 40 1 view -0
  29              		.cfi_startproc
  30              		@ args = 0, pretend = 0, frame = 8
  31              		@ frame_needed = 0, uses_anonymous_args = 0
  32              		@ link register save eliminated.
  33 0000 82B0     		sub	sp, sp, #8
  34              	.LCFI0:
  35              		.cfi_def_cfa_offset 8
  41:Core/Src/gpio.c **** 
  42:Core/Src/gpio.c ****   /* GPIO Ports Clock Enable */
  43:Core/Src/gpio.c ****   __HAL_RCC_GPIOA_CLK_ENABLE();
  36              		.loc 1 43 3 view .LVU1
  37              	.LBB2:
  38              		.loc 1 43 3 view .LVU2
  39              		.loc 1 43 3 view .LVU3
  40 0002 0D4B     		ldr	r3, .L3
  41 0004 D3F8E020 		ldr	r2, [r3, #224]
  42 0008 42F00102 		orr	r2, r2, #1
  43 000c C3F8E020 		str	r2, [r3, #224]
  44              		.loc 1 43 3 view .LVU4
  45 0010 D3F8E020 		ldr	r2, [r3, #224]
  46 0014 02F00102 		and	r2, r2, #1
  47 0018 0092     		str	r2, [sp]
  48              		.loc 1 43 3 view .LVU5
  49 001a 009A     		ldr	r2, [sp]
  50              	.LBE2:
  51              		.loc 1 43 3 view .LVU6
  44:Core/Src/gpio.c ****   __HAL_RCC_GPIOE_CLK_ENABLE();
  52              		.loc 1 44 3 view .LVU7
  53              	.LBB3:
  54              		.loc 1 44 3 view .LVU8
  55              		.loc 1 44 3 view .LVU9
  56 001c D3F8E020 		ldr	r2, [r3, #224]
  57 0020 42F01002 		orr	r2, r2, #16
  58 0024 C3F8E020 		str	r2, [r3, #224]
  59              		.loc 1 44 3 view .LVU10
  60 0028 D3F8E030 		ldr	r3, [r3, #224]
  61 002c 03F01003 		and	r3, r3, #16
  62 0030 0193     		str	r3, [sp, #4]
  63              		.loc 1 44 3 view .LVU11
  64 0032 019B     		ldr	r3, [sp, #4]
  65              	.LBE3:
  66              		.loc 1 44 3 view .LVU12
  45:Core/Src/gpio.c **** 
  46:Core/Src/gpio.c **** }
  67              		.loc 1 46 1 is_stmt 0 view .LVU13
  68 0034 02B0     		add	sp, sp, #8
  69              	.LCFI1:
ARM GAS  /var/folders/g1/j12m_ky910s3_sv7d4yrsdn00000gn/T//ccj6MsqL.s 			page 3


  70              		.cfi_def_cfa_offset 0
  71              		@ sp needed
  72 0036 7047     		bx	lr
  73              	.L4:
  74              		.align	2
  75              	.L3:
  76 0038 00440258 		.word	1476543488
  77              		.cfi_endproc
  78              	.LFE144:
  80              		.text
  81              	.Letext0:
  82              		.file 2 "/Users/zhy/Tools/xpack-arm-none-eabi-gcc-14.2.1-1.1/arm-none-eabi/include/machine/_defaul
  83              		.file 3 "/Users/zhy/Tools/xpack-arm-none-eabi-gcc-14.2.1-1.1/arm-none-eabi/include/sys/_stdint.h"
  84              		.file 4 "Drivers/CMSIS/Device/ST/STM32H7xx/Include/stm32h743xx.h"
ARM GAS  /var/folders/g1/j12m_ky910s3_sv7d4yrsdn00000gn/T//ccj6MsqL.s 			page 4


DEFINED SYMBOLS
                            *ABS*:00000000 gpio.c
/var/folders/g1/j12m_ky910s3_sv7d4yrsdn00000gn/T//ccj6MsqL.s:20     .text.MX_GPIO_Init:00000000 $t
/var/folders/g1/j12m_ky910s3_sv7d4yrsdn00000gn/T//ccj6MsqL.s:26     .text.MX_GPIO_Init:00000000 MX_GPIO_Init
/var/folders/g1/j12m_ky910s3_sv7d4yrsdn00000gn/T//ccj6MsqL.s:76     .text.MX_GPIO_Init:00000038 $d

NO UNDEFINED SYMBOLS
