ARM GAS  /var/folders/g1/j12m_ky910s3_sv7d4yrsdn00000gn/T//cc7AWx9M.s 			page 1


   1              		.cpu cortex-m7
   2              		.arch armv7e-m
   3              		.fpu fpv5-d16
   4              		.eabi_attribute 28, 1
   5              		.eabi_attribute 20, 1
   6              		.eabi_attribute 21, 1
   7              		.eabi_attribute 23, 3
   8              		.eabi_attribute 24, 1
   9              		.eabi_attribute 25, 1
  10              		.eabi_attribute 26, 1
  11              		.eabi_attribute 30, 1
  12              		.eabi_attribute 34, 1
  13              		.eabi_attribute 18, 4
  14              		.file	"main.c"
  15              		.text
  16              	.Ltext0:
  17              		.cfi_sections	.debug_frame
  18              		.file 1 "Core/Src/main.c"
  19              		.section	.text.MPU_Config,"ax",%progbits
  20              		.align	1
  21              		.syntax unified
  22              		.thumb
  23              		.thumb_func
  25              	MPU_Config:
  26              	.LFB146:
   1:Core/Src/main.c **** /* USER CODE BEGIN Header */
   2:Core/Src/main.c **** /**
   3:Core/Src/main.c ****   ******************************************************************************
   4:Core/Src/main.c ****   * @file           : main.c
   5:Core/Src/main.c ****   * @brief          : Main program body
   6:Core/Src/main.c ****   ******************************************************************************
   7:Core/Src/main.c ****   * @attention
   8:Core/Src/main.c ****   *
   9:Core/Src/main.c ****   * Copyright (c) 2025 STMicroelectronics.
  10:Core/Src/main.c ****   * All rights reserved.
  11:Core/Src/main.c ****   *
  12:Core/Src/main.c ****   * This software is licensed under terms that can be found in the LICENSE file
  13:Core/Src/main.c ****   * in the root directory of this software component.
  14:Core/Src/main.c ****   * If no LICENSE file comes with this software, it is provided AS-IS.
  15:Core/Src/main.c ****   *
  16:Core/Src/main.c ****   ******************************************************************************
  17:Core/Src/main.c ****   */
  18:Core/Src/main.c **** /* USER CODE END Header */
  19:Core/Src/main.c **** /* Includes ------------------------------------------------------------------*/
  20:Core/Src/main.c **** #include "main.h"
  21:Core/Src/main.c **** #include "memorymap.h"
  22:Core/Src/main.c **** #include "tim.h"
  23:Core/Src/main.c **** #include "gpio.h"
  24:Core/Src/main.c **** 
  25:Core/Src/main.c **** 
  26:Core/Src/main.c **** /* Private includes ----------------------------------------------------------*/
  27:Core/Src/main.c **** /* USER CODE BEGIN Includes */
  28:Core/Src/main.c **** #include "math.h"
  29:Core/Src/main.c **** /* USER CODE END Includes */
  30:Core/Src/main.c **** 
  31:Core/Src/main.c **** /* Private typedef -----------------------------------------------------------*/
  32:Core/Src/main.c **** /* USER CODE BEGIN PTD */
ARM GAS  /var/folders/g1/j12m_ky910s3_sv7d4yrsdn00000gn/T//cc7AWx9M.s 			page 2


  33:Core/Src/main.c **** 
  34:Core/Src/main.c **** /* USER CODE END PTD */
  35:Core/Src/main.c **** 
  36:Core/Src/main.c **** /* Private define ------------------------------------------------------------*/
  37:Core/Src/main.c **** /* USER CODE BEGIN PD */
  38:Core/Src/main.c **** 
  39:Core/Src/main.c **** /* USER CODE END PD */
  40:Core/Src/main.c **** 
  41:Core/Src/main.c **** /* Private macro -------------------------------------------------------------*/
  42:Core/Src/main.c **** /* USER CODE BEGIN PM */
  43:Core/Src/main.c **** 
  44:Core/Src/main.c **** /* USER CODE END PM */
  45:Core/Src/main.c **** 
  46:Core/Src/main.c **** /* Private variables ---------------------------------------------------------*/
  47:Core/Src/main.c **** 
  48:Core/Src/main.c **** /* USER CODE BEGIN PV */
  49:Core/Src/main.c **** volatile float duty = 0; // 添加为全局变量
  50:Core/Src/main.c **** /* USER CODE END PV */
  51:Core/Src/main.c **** 
  52:Core/Src/main.c **** /* Private function prototypes -----------------------------------------------*/
  53:Core/Src/main.c **** void SystemClock_Config(void);
  54:Core/Src/main.c **** static void MPU_Config(void);
  55:Core/Src/main.c **** /* USER CODE BEGIN PFP */
  56:Core/Src/main.c **** 
  57:Core/Src/main.c **** /* USER CODE END PFP */
  58:Core/Src/main.c **** 
  59:Core/Src/main.c **** /* Private user code ---------------------------------------------------------*/
  60:Core/Src/main.c **** /* USER CODE BEGIN 0 */
  61:Core/Src/main.c **** 
  62:Core/Src/main.c **** /* USER CODE END 0 */
  63:Core/Src/main.c **** 
  64:Core/Src/main.c **** /**
  65:Core/Src/main.c ****   * @brief  The application entry point.
  66:Core/Src/main.c ****   * @retval int
  67:Core/Src/main.c ****   */
  68:Core/Src/main.c **** int main(void)
  69:Core/Src/main.c **** {
  70:Core/Src/main.c **** 
  71:Core/Src/main.c ****   /* USER CODE BEGIN 1 */
  72:Core/Src/main.c **** 
  73:Core/Src/main.c ****   /* USER CODE END 1 */
  74:Core/Src/main.c **** 
  75:Core/Src/main.c ****   /* MPU Configuration--------------------------------------------------------*/
  76:Core/Src/main.c ****   MPU_Config();
  77:Core/Src/main.c **** 
  78:Core/Src/main.c ****   /* MCU Configuration--------------------------------------------------------*/
  79:Core/Src/main.c **** 
  80:Core/Src/main.c ****   /* Reset of all peripherals, Initializes the Flash interface and the Systick. */
  81:Core/Src/main.c ****   HAL_Init();
  82:Core/Src/main.c **** 
  83:Core/Src/main.c ****   /* USER CODE BEGIN Init */
  84:Core/Src/main.c **** 
  85:Core/Src/main.c ****   /* USER CODE END Init */
  86:Core/Src/main.c **** 
  87:Core/Src/main.c ****   /* Configure the system clock */
  88:Core/Src/main.c ****   SystemClock_Config();
  89:Core/Src/main.c **** 
ARM GAS  /var/folders/g1/j12m_ky910s3_sv7d4yrsdn00000gn/T//cc7AWx9M.s 			page 3


  90:Core/Src/main.c ****   /* USER CODE BEGIN SysInit */
  91:Core/Src/main.c **** 
  92:Core/Src/main.c ****   /* USER CODE END SysInit */
  93:Core/Src/main.c **** 
  94:Core/Src/main.c ****   /* Initialize all configured peripherals */
  95:Core/Src/main.c ****   MX_GPIO_Init();
  96:Core/Src/main.c ****   MX_TIM1_Init();
  97:Core/Src/main.c ****   /* USER CODE BEGIN 2 */
  98:Core/Src/main.c ****   HAL_TIM_PWM_Start(&htim1, TIM_CHANNEL_1);
  99:Core/Src/main.c ****   HAL_TIMEx_PWMN_Start(&htim1, TIM_CHANNEL_1);
 100:Core/Src/main.c **** 
 101:Core/Src/main.c ****   /* USER CODE END 2 */
 102:Core/Src/main.c **** 
 103:Core/Src/main.c ****   /* Infinite loop */
 104:Core/Src/main.c ****   /* USER CODE BEGIN WHILE */
 105:Core/Src/main.c ****   while (1)
 106:Core/Src/main.c ****   {
 107:Core/Src/main.c ****     float t = HAL_GetTick()*0.001; // Convert milliseconds to seconds
 108:Core/Src/main.c ****     duty = 0.5*sin(2*3.14*t) + 0.5; // 赋值给全局变量
 109:Core/Src/main.c ****     uint16_t arr = __HAL_TIM_GetAutoreload(&htim1);
 110:Core/Src/main.c ****     uint16_t ccr = duty*(arr+1);
 111:Core/Src/main.c ****     __HAL_TIM_SetCompare(&htim1, TIM_CHANNEL_1, ccr);
 112:Core/Src/main.c ****     /* USER CODE END WHILE */
 113:Core/Src/main.c **** 
 114:Core/Src/main.c ****     /* USER CODE BEGIN 3 */
 115:Core/Src/main.c ****   }
 116:Core/Src/main.c ****   /* USER CODE END 3 */
 117:Core/Src/main.c **** }
 118:Core/Src/main.c **** 
 119:Core/Src/main.c **** /**
 120:Core/Src/main.c ****   * @brief System Clock Configuration
 121:Core/Src/main.c ****   * @retval None
 122:Core/Src/main.c ****   */
 123:Core/Src/main.c **** void SystemClock_Config(void)
 124:Core/Src/main.c **** {
 125:Core/Src/main.c ****   RCC_OscInitTypeDef RCC_OscInitStruct = {0};
 126:Core/Src/main.c ****   RCC_ClkInitTypeDef RCC_ClkInitStruct = {0};
 127:Core/Src/main.c **** 
 128:Core/Src/main.c ****   /** Supply configuration update enable
 129:Core/Src/main.c ****   */
 130:Core/Src/main.c ****   HAL_PWREx_ConfigSupply(PWR_LDO_SUPPLY);
 131:Core/Src/main.c **** 
 132:Core/Src/main.c ****   /** Configure the main internal regulator output voltage
 133:Core/Src/main.c ****   */
 134:Core/Src/main.c ****   __HAL_PWR_VOLTAGESCALING_CONFIG(PWR_REGULATOR_VOLTAGE_SCALE3);
 135:Core/Src/main.c **** 
 136:Core/Src/main.c ****   while(!__HAL_PWR_GET_FLAG(PWR_FLAG_VOSRDY)) {}
 137:Core/Src/main.c **** 
 138:Core/Src/main.c ****   /** Initializes the RCC Oscillators according to the specified parameters
 139:Core/Src/main.c ****   * in the RCC_OscInitTypeDef structure.
 140:Core/Src/main.c ****   */
 141:Core/Src/main.c ****   RCC_OscInitStruct.OscillatorType = RCC_OSCILLATORTYPE_HSI;
 142:Core/Src/main.c ****   RCC_OscInitStruct.HSIState = RCC_HSI_DIV1;
 143:Core/Src/main.c ****   RCC_OscInitStruct.HSICalibrationValue = RCC_HSICALIBRATION_DEFAULT;
 144:Core/Src/main.c ****   RCC_OscInitStruct.PLL.PLLState = RCC_PLL_NONE;
 145:Core/Src/main.c ****   if (HAL_RCC_OscConfig(&RCC_OscInitStruct) != HAL_OK)
 146:Core/Src/main.c ****   {
ARM GAS  /var/folders/g1/j12m_ky910s3_sv7d4yrsdn00000gn/T//cc7AWx9M.s 			page 4


 147:Core/Src/main.c ****     Error_Handler();
 148:Core/Src/main.c ****   }
 149:Core/Src/main.c **** 
 150:Core/Src/main.c ****   /** Initializes the CPU, AHB and APB buses clocks
 151:Core/Src/main.c ****   */
 152:Core/Src/main.c ****   RCC_ClkInitStruct.ClockType = RCC_CLOCKTYPE_HCLK|RCC_CLOCKTYPE_SYSCLK
 153:Core/Src/main.c ****                               |RCC_CLOCKTYPE_PCLK1|RCC_CLOCKTYPE_PCLK2
 154:Core/Src/main.c ****                               |RCC_CLOCKTYPE_D3PCLK1|RCC_CLOCKTYPE_D1PCLK1;
 155:Core/Src/main.c ****   RCC_ClkInitStruct.SYSCLKSource = RCC_SYSCLKSOURCE_HSI;
 156:Core/Src/main.c ****   RCC_ClkInitStruct.SYSCLKDivider = RCC_SYSCLK_DIV1;
 157:Core/Src/main.c ****   RCC_ClkInitStruct.AHBCLKDivider = RCC_HCLK_DIV1;
 158:Core/Src/main.c ****   RCC_ClkInitStruct.APB3CLKDivider = RCC_APB3_DIV1;
 159:Core/Src/main.c ****   RCC_ClkInitStruct.APB1CLKDivider = RCC_APB1_DIV1;
 160:Core/Src/main.c ****   RCC_ClkInitStruct.APB2CLKDivider = RCC_APB2_DIV1;
 161:Core/Src/main.c ****   RCC_ClkInitStruct.APB4CLKDivider = RCC_APB4_DIV1;
 162:Core/Src/main.c **** 
 163:Core/Src/main.c ****   if (HAL_RCC_ClockConfig(&RCC_ClkInitStruct, FLASH_LATENCY_1) != HAL_OK)
 164:Core/Src/main.c ****   {
 165:Core/Src/main.c ****     Error_Handler();
 166:Core/Src/main.c ****   }
 167:Core/Src/main.c **** }
 168:Core/Src/main.c **** 
 169:Core/Src/main.c **** /* USER CODE BEGIN 4 */
 170:Core/Src/main.c **** 
 171:Core/Src/main.c **** /* USER CODE END 4 */
 172:Core/Src/main.c **** 
 173:Core/Src/main.c ****  /* MPU Configuration */
 174:Core/Src/main.c **** 
 175:Core/Src/main.c **** void MPU_Config(void)
 176:Core/Src/main.c **** {
  27              		.loc 1 176 1 view -0
  28              		.cfi_startproc
  29              		@ args = 0, pretend = 0, frame = 16
  30              		@ frame_needed = 0, uses_anonymous_args = 0
  31 0000 30B5     		push	{r4, r5, lr}
  32              	.LCFI0:
  33              		.cfi_def_cfa_offset 12
  34              		.cfi_offset 4, -12
  35              		.cfi_offset 5, -8
  36              		.cfi_offset 14, -4
  37 0002 85B0     		sub	sp, sp, #20
  38              	.LCFI1:
  39              		.cfi_def_cfa_offset 32
 177:Core/Src/main.c ****   MPU_Region_InitTypeDef MPU_InitStruct = {0};
  40              		.loc 1 177 3 view .LVU1
  41              		.loc 1 177 26 is_stmt 0 view .LVU2
  42 0004 0024     		movs	r4, #0
  43 0006 0094     		str	r4, [sp]
  44 0008 0194     		str	r4, [sp, #4]
  45 000a 0294     		str	r4, [sp, #8]
  46 000c 0394     		str	r4, [sp, #12]
 178:Core/Src/main.c **** 
 179:Core/Src/main.c ****   /* Disables the MPU */
 180:Core/Src/main.c ****   HAL_MPU_Disable();
  47              		.loc 1 180 3 is_stmt 1 view .LVU3
  48 000e FFF7FEFF 		bl	HAL_MPU_Disable
  49              	.LVL0:
ARM GAS  /var/folders/g1/j12m_ky910s3_sv7d4yrsdn00000gn/T//cc7AWx9M.s 			page 5


 181:Core/Src/main.c **** 
 182:Core/Src/main.c ****   /** Initializes and configures the Region and the memory to be protected
 183:Core/Src/main.c ****   */
 184:Core/Src/main.c ****   MPU_InitStruct.Enable = MPU_REGION_ENABLE;
  50              		.loc 1 184 3 view .LVU4
  51              		.loc 1 184 25 is_stmt 0 view .LVU5
  52 0012 0123     		movs	r3, #1
  53 0014 8DF80030 		strb	r3, [sp]
 185:Core/Src/main.c ****   MPU_InitStruct.Number = MPU_REGION_NUMBER0;
  54              		.loc 1 185 3 is_stmt 1 view .LVU6
  55              		.loc 1 185 25 is_stmt 0 view .LVU7
  56 0018 8DF80140 		strb	r4, [sp, #1]
 186:Core/Src/main.c ****   MPU_InitStruct.BaseAddress = 0x0;
  57              		.loc 1 186 3 is_stmt 1 view .LVU8
  58              		.loc 1 186 30 is_stmt 0 view .LVU9
  59 001c 0194     		str	r4, [sp, #4]
 187:Core/Src/main.c ****   MPU_InitStruct.Size = MPU_REGION_SIZE_4GB;
  60              		.loc 1 187 3 is_stmt 1 view .LVU10
  61              		.loc 1 187 23 is_stmt 0 view .LVU11
  62 001e 1F22     		movs	r2, #31
  63 0020 8DF80820 		strb	r2, [sp, #8]
 188:Core/Src/main.c ****   MPU_InitStruct.SubRegionDisable = 0x87;
  64              		.loc 1 188 3 is_stmt 1 view .LVU12
  65              		.loc 1 188 35 is_stmt 0 view .LVU13
  66 0024 8722     		movs	r2, #135
  67 0026 8DF80920 		strb	r2, [sp, #9]
 189:Core/Src/main.c ****   MPU_InitStruct.TypeExtField = MPU_TEX_LEVEL0;
  68              		.loc 1 189 3 is_stmt 1 view .LVU14
  69              		.loc 1 189 31 is_stmt 0 view .LVU15
  70 002a 8DF80A40 		strb	r4, [sp, #10]
 190:Core/Src/main.c ****   MPU_InitStruct.AccessPermission = MPU_REGION_NO_ACCESS;
  71              		.loc 1 190 3 is_stmt 1 view .LVU16
  72              		.loc 1 190 35 is_stmt 0 view .LVU17
  73 002e 8DF80B40 		strb	r4, [sp, #11]
 191:Core/Src/main.c ****   MPU_InitStruct.DisableExec = MPU_INSTRUCTION_ACCESS_DISABLE;
  74              		.loc 1 191 3 is_stmt 1 view .LVU18
  75              		.loc 1 191 30 is_stmt 0 view .LVU19
  76 0032 8DF80C30 		strb	r3, [sp, #12]
 192:Core/Src/main.c ****   MPU_InitStruct.IsShareable = MPU_ACCESS_SHAREABLE;
  77              		.loc 1 192 3 is_stmt 1 view .LVU20
  78              		.loc 1 192 30 is_stmt 0 view .LVU21
  79 0036 8DF80D30 		strb	r3, [sp, #13]
 193:Core/Src/main.c ****   MPU_InitStruct.IsCacheable = MPU_ACCESS_NOT_CACHEABLE;
  80              		.loc 1 193 3 is_stmt 1 view .LVU22
  81              		.loc 1 193 30 is_stmt 0 view .LVU23
  82 003a 8DF80E40 		strb	r4, [sp, #14]
 194:Core/Src/main.c ****   MPU_InitStruct.IsBufferable = MPU_ACCESS_NOT_BUFFERABLE;
  83              		.loc 1 194 3 is_stmt 1 view .LVU24
  84              		.loc 1 194 31 is_stmt 0 view .LVU25
  85 003e 8DF80F40 		strb	r4, [sp, #15]
 195:Core/Src/main.c **** 
 196:Core/Src/main.c ****   HAL_MPU_ConfigRegion(&MPU_InitStruct);
  86              		.loc 1 196 3 is_stmt 1 view .LVU26
  87 0042 6846     		mov	r0, sp
  88 0044 FFF7FEFF 		bl	HAL_MPU_ConfigRegion
  89              	.LVL1:
 197:Core/Src/main.c ****   /* Enables the MPU */
ARM GAS  /var/folders/g1/j12m_ky910s3_sv7d4yrsdn00000gn/T//cc7AWx9M.s 			page 6


 198:Core/Src/main.c ****   HAL_MPU_Enable(MPU_PRIVILEGED_DEFAULT);
  90              		.loc 1 198 3 view .LVU27
  91 0048 0420     		movs	r0, #4
  92 004a FFF7FEFF 		bl	HAL_MPU_Enable
  93              	.LVL2:
 199:Core/Src/main.c **** 
 200:Core/Src/main.c **** }
  94              		.loc 1 200 1 is_stmt 0 view .LVU28
  95 004e 05B0     		add	sp, sp, #20
  96              	.LCFI2:
  97              		.cfi_def_cfa_offset 12
  98              		@ sp needed
  99 0050 30BD     		pop	{r4, r5, pc}
 100              		.cfi_endproc
 101              	.LFE146:
 103              		.section	.text.Error_Handler,"ax",%progbits
 104              		.align	1
 105              		.global	Error_Handler
 106              		.syntax unified
 107              		.thumb
 108              		.thumb_func
 110              	Error_Handler:
 111              	.LFB147:
 201:Core/Src/main.c **** 
 202:Core/Src/main.c **** /**
 203:Core/Src/main.c ****   * @brief  This function is executed in case of error occurrence.
 204:Core/Src/main.c ****   * @retval None
 205:Core/Src/main.c ****   */
 206:Core/Src/main.c **** void Error_Handler(void)
 207:Core/Src/main.c **** {
 112              		.loc 1 207 1 is_stmt 1 view -0
 113              		.cfi_startproc
 114              		@ Volatile: function does not return.
 115              		@ args = 0, pretend = 0, frame = 0
 116              		@ frame_needed = 0, uses_anonymous_args = 0
 117              		@ link register save eliminated.
 208:Core/Src/main.c ****   /* USER CODE BEGIN Error_Handler_Debug */
 209:Core/Src/main.c ****   /* User can add his own implementation to report the HAL error return state */
 210:Core/Src/main.c ****   __disable_irq();
 118              		.loc 1 210 3 view .LVU30
 119              	.LBB4:
 120              	.LBI4:
 121              		.file 2 "Drivers/CMSIS/Include/cmsis_gcc.h"
   1:Drivers/CMSIS/Include/cmsis_gcc.h **** /**************************************************************************//**
   2:Drivers/CMSIS/Include/cmsis_gcc.h ****  * @file     cmsis_gcc.h
   3:Drivers/CMSIS/Include/cmsis_gcc.h ****  * @brief    CMSIS compiler GCC header file
   4:Drivers/CMSIS/Include/cmsis_gcc.h ****  * @version  V5.2.0
   5:Drivers/CMSIS/Include/cmsis_gcc.h ****  * @date     08. May 2019
   6:Drivers/CMSIS/Include/cmsis_gcc.h ****  ******************************************************************************/
   7:Drivers/CMSIS/Include/cmsis_gcc.h **** /*
   8:Drivers/CMSIS/Include/cmsis_gcc.h ****  * Copyright (c) 2009-2019 Arm Limited. All rights reserved.
   9:Drivers/CMSIS/Include/cmsis_gcc.h ****  *
  10:Drivers/CMSIS/Include/cmsis_gcc.h ****  * SPDX-License-Identifier: Apache-2.0
  11:Drivers/CMSIS/Include/cmsis_gcc.h ****  *
  12:Drivers/CMSIS/Include/cmsis_gcc.h ****  * Licensed under the Apache License, Version 2.0 (the License); you may
  13:Drivers/CMSIS/Include/cmsis_gcc.h ****  * not use this file except in compliance with the License.
  14:Drivers/CMSIS/Include/cmsis_gcc.h ****  * You may obtain a copy of the License at
ARM GAS  /var/folders/g1/j12m_ky910s3_sv7d4yrsdn00000gn/T//cc7AWx9M.s 			page 7


  15:Drivers/CMSIS/Include/cmsis_gcc.h ****  *
  16:Drivers/CMSIS/Include/cmsis_gcc.h ****  * www.apache.org/licenses/LICENSE-2.0
  17:Drivers/CMSIS/Include/cmsis_gcc.h ****  *
  18:Drivers/CMSIS/Include/cmsis_gcc.h ****  * Unless required by applicable law or agreed to in writing, software
  19:Drivers/CMSIS/Include/cmsis_gcc.h ****  * distributed under the License is distributed on an AS IS BASIS, WITHOUT
  20:Drivers/CMSIS/Include/cmsis_gcc.h ****  * WARRANTIES OR CONDITIONS OF ANY KIND, either express or implied.
  21:Drivers/CMSIS/Include/cmsis_gcc.h ****  * See the License for the specific language governing permissions and
  22:Drivers/CMSIS/Include/cmsis_gcc.h ****  * limitations under the License.
  23:Drivers/CMSIS/Include/cmsis_gcc.h ****  */
  24:Drivers/CMSIS/Include/cmsis_gcc.h **** 
  25:Drivers/CMSIS/Include/cmsis_gcc.h **** #ifndef __CMSIS_GCC_H
  26:Drivers/CMSIS/Include/cmsis_gcc.h **** #define __CMSIS_GCC_H
  27:Drivers/CMSIS/Include/cmsis_gcc.h **** 
  28:Drivers/CMSIS/Include/cmsis_gcc.h **** /* ignore some GCC warnings */
  29:Drivers/CMSIS/Include/cmsis_gcc.h **** #pragma GCC diagnostic push
  30:Drivers/CMSIS/Include/cmsis_gcc.h **** #pragma GCC diagnostic ignored "-Wsign-conversion"
  31:Drivers/CMSIS/Include/cmsis_gcc.h **** #pragma GCC diagnostic ignored "-Wconversion"
  32:Drivers/CMSIS/Include/cmsis_gcc.h **** #pragma GCC diagnostic ignored "-Wunused-parameter"
  33:Drivers/CMSIS/Include/cmsis_gcc.h **** 
  34:Drivers/CMSIS/Include/cmsis_gcc.h **** /* Fallback for __has_builtin */
  35:Drivers/CMSIS/Include/cmsis_gcc.h **** #ifndef __has_builtin
  36:Drivers/CMSIS/Include/cmsis_gcc.h ****   #define __has_builtin(x) (0)
  37:Drivers/CMSIS/Include/cmsis_gcc.h **** #endif
  38:Drivers/CMSIS/Include/cmsis_gcc.h **** 
  39:Drivers/CMSIS/Include/cmsis_gcc.h **** /* CMSIS compiler specific defines */
  40:Drivers/CMSIS/Include/cmsis_gcc.h **** #ifndef   __ASM
  41:Drivers/CMSIS/Include/cmsis_gcc.h ****   #define __ASM                                  __asm
  42:Drivers/CMSIS/Include/cmsis_gcc.h **** #endif
  43:Drivers/CMSIS/Include/cmsis_gcc.h **** #ifndef   __INLINE
  44:Drivers/CMSIS/Include/cmsis_gcc.h ****   #define __INLINE                               inline
  45:Drivers/CMSIS/Include/cmsis_gcc.h **** #endif
  46:Drivers/CMSIS/Include/cmsis_gcc.h **** #ifndef   __STATIC_INLINE
  47:Drivers/CMSIS/Include/cmsis_gcc.h ****   #define __STATIC_INLINE                        static inline
  48:Drivers/CMSIS/Include/cmsis_gcc.h **** #endif
  49:Drivers/CMSIS/Include/cmsis_gcc.h **** #ifndef   __STATIC_FORCEINLINE                 
  50:Drivers/CMSIS/Include/cmsis_gcc.h ****   #define __STATIC_FORCEINLINE                   __attribute__((always_inline)) static inline
  51:Drivers/CMSIS/Include/cmsis_gcc.h **** #endif                                           
  52:Drivers/CMSIS/Include/cmsis_gcc.h **** #ifndef   __NO_RETURN
  53:Drivers/CMSIS/Include/cmsis_gcc.h ****   #define __NO_RETURN                            __attribute__((__noreturn__))
  54:Drivers/CMSIS/Include/cmsis_gcc.h **** #endif
  55:Drivers/CMSIS/Include/cmsis_gcc.h **** #ifndef   __USED
  56:Drivers/CMSIS/Include/cmsis_gcc.h ****   #define __USED                                 __attribute__((used))
  57:Drivers/CMSIS/Include/cmsis_gcc.h **** #endif
  58:Drivers/CMSIS/Include/cmsis_gcc.h **** #ifndef   __WEAK
  59:Drivers/CMSIS/Include/cmsis_gcc.h ****   #define __WEAK                                 __attribute__((weak))
  60:Drivers/CMSIS/Include/cmsis_gcc.h **** #endif
  61:Drivers/CMSIS/Include/cmsis_gcc.h **** #ifndef   __PACKED
  62:Drivers/CMSIS/Include/cmsis_gcc.h ****   #define __PACKED                               __attribute__((packed, aligned(1)))
  63:Drivers/CMSIS/Include/cmsis_gcc.h **** #endif
  64:Drivers/CMSIS/Include/cmsis_gcc.h **** #ifndef   __PACKED_STRUCT
  65:Drivers/CMSIS/Include/cmsis_gcc.h ****   #define __PACKED_STRUCT                        struct __attribute__((packed, aligned(1)))
  66:Drivers/CMSIS/Include/cmsis_gcc.h **** #endif
  67:Drivers/CMSIS/Include/cmsis_gcc.h **** #ifndef   __PACKED_UNION
  68:Drivers/CMSIS/Include/cmsis_gcc.h ****   #define __PACKED_UNION                         union __attribute__((packed, aligned(1)))
  69:Drivers/CMSIS/Include/cmsis_gcc.h **** #endif
  70:Drivers/CMSIS/Include/cmsis_gcc.h **** #ifndef   __UNALIGNED_UINT32        /* deprecated */
  71:Drivers/CMSIS/Include/cmsis_gcc.h ****   #pragma GCC diagnostic push
ARM GAS  /var/folders/g1/j12m_ky910s3_sv7d4yrsdn00000gn/T//cc7AWx9M.s 			page 8


  72:Drivers/CMSIS/Include/cmsis_gcc.h ****   #pragma GCC diagnostic ignored "-Wpacked"
  73:Drivers/CMSIS/Include/cmsis_gcc.h ****   #pragma GCC diagnostic ignored "-Wattributes"
  74:Drivers/CMSIS/Include/cmsis_gcc.h ****   struct __attribute__((packed)) T_UINT32 { uint32_t v; };
  75:Drivers/CMSIS/Include/cmsis_gcc.h ****   #pragma GCC diagnostic pop
  76:Drivers/CMSIS/Include/cmsis_gcc.h ****   #define __UNALIGNED_UINT32(x)                  (((struct T_UINT32 *)(x))->v)
  77:Drivers/CMSIS/Include/cmsis_gcc.h **** #endif
  78:Drivers/CMSIS/Include/cmsis_gcc.h **** #ifndef   __UNALIGNED_UINT16_WRITE
  79:Drivers/CMSIS/Include/cmsis_gcc.h ****   #pragma GCC diagnostic push
  80:Drivers/CMSIS/Include/cmsis_gcc.h ****   #pragma GCC diagnostic ignored "-Wpacked"
  81:Drivers/CMSIS/Include/cmsis_gcc.h ****   #pragma GCC diagnostic ignored "-Wattributes"
  82:Drivers/CMSIS/Include/cmsis_gcc.h ****   __PACKED_STRUCT T_UINT16_WRITE { uint16_t v; };
  83:Drivers/CMSIS/Include/cmsis_gcc.h ****   #pragma GCC diagnostic pop
  84:Drivers/CMSIS/Include/cmsis_gcc.h ****   #define __UNALIGNED_UINT16_WRITE(addr, val)    (void)((((struct T_UINT16_WRITE *)(void *)(addr))-
  85:Drivers/CMSIS/Include/cmsis_gcc.h **** #endif
  86:Drivers/CMSIS/Include/cmsis_gcc.h **** #ifndef   __UNALIGNED_UINT16_READ
  87:Drivers/CMSIS/Include/cmsis_gcc.h ****   #pragma GCC diagnostic push
  88:Drivers/CMSIS/Include/cmsis_gcc.h ****   #pragma GCC diagnostic ignored "-Wpacked"
  89:Drivers/CMSIS/Include/cmsis_gcc.h ****   #pragma GCC diagnostic ignored "-Wattributes"
  90:Drivers/CMSIS/Include/cmsis_gcc.h ****   __PACKED_STRUCT T_UINT16_READ { uint16_t v; };
  91:Drivers/CMSIS/Include/cmsis_gcc.h ****   #pragma GCC diagnostic pop
  92:Drivers/CMSIS/Include/cmsis_gcc.h ****   #define __UNALIGNED_UINT16_READ(addr)          (((const struct T_UINT16_READ *)(const void *)(add
  93:Drivers/CMSIS/Include/cmsis_gcc.h **** #endif
  94:Drivers/CMSIS/Include/cmsis_gcc.h **** #ifndef   __UNALIGNED_UINT32_WRITE
  95:Drivers/CMSIS/Include/cmsis_gcc.h ****   #pragma GCC diagnostic push
  96:Drivers/CMSIS/Include/cmsis_gcc.h ****   #pragma GCC diagnostic ignored "-Wpacked"
  97:Drivers/CMSIS/Include/cmsis_gcc.h ****   #pragma GCC diagnostic ignored "-Wattributes"
  98:Drivers/CMSIS/Include/cmsis_gcc.h ****   __PACKED_STRUCT T_UINT32_WRITE { uint32_t v; };
  99:Drivers/CMSIS/Include/cmsis_gcc.h ****   #pragma GCC diagnostic pop
 100:Drivers/CMSIS/Include/cmsis_gcc.h ****   #define __UNALIGNED_UINT32_WRITE(addr, val)    (void)((((struct T_UINT32_WRITE *)(void *)(addr))-
 101:Drivers/CMSIS/Include/cmsis_gcc.h **** #endif
 102:Drivers/CMSIS/Include/cmsis_gcc.h **** #ifndef   __UNALIGNED_UINT32_READ
 103:Drivers/CMSIS/Include/cmsis_gcc.h ****   #pragma GCC diagnostic push
 104:Drivers/CMSIS/Include/cmsis_gcc.h ****   #pragma GCC diagnostic ignored "-Wpacked"
 105:Drivers/CMSIS/Include/cmsis_gcc.h ****   #pragma GCC diagnostic ignored "-Wattributes"
 106:Drivers/CMSIS/Include/cmsis_gcc.h ****   __PACKED_STRUCT T_UINT32_READ { uint32_t v; };
 107:Drivers/CMSIS/Include/cmsis_gcc.h ****   #pragma GCC diagnostic pop
 108:Drivers/CMSIS/Include/cmsis_gcc.h ****   #define __UNALIGNED_UINT32_READ(addr)          (((const struct T_UINT32_READ *)(const void *)(add
 109:Drivers/CMSIS/Include/cmsis_gcc.h **** #endif
 110:Drivers/CMSIS/Include/cmsis_gcc.h **** #ifndef   __ALIGNED
 111:Drivers/CMSIS/Include/cmsis_gcc.h ****   #define __ALIGNED(x)                           __attribute__((aligned(x)))
 112:Drivers/CMSIS/Include/cmsis_gcc.h **** #endif
 113:Drivers/CMSIS/Include/cmsis_gcc.h **** #ifndef   __RESTRICT
 114:Drivers/CMSIS/Include/cmsis_gcc.h ****   #define __RESTRICT                             __restrict
 115:Drivers/CMSIS/Include/cmsis_gcc.h **** #endif
 116:Drivers/CMSIS/Include/cmsis_gcc.h **** #ifndef   __COMPILER_BARRIER
 117:Drivers/CMSIS/Include/cmsis_gcc.h ****   #define __COMPILER_BARRIER()                   __ASM volatile("":::"memory")
 118:Drivers/CMSIS/Include/cmsis_gcc.h **** #endif
 119:Drivers/CMSIS/Include/cmsis_gcc.h **** 
 120:Drivers/CMSIS/Include/cmsis_gcc.h **** /* #########################  Startup and Lowlevel Init  ######################## */
 121:Drivers/CMSIS/Include/cmsis_gcc.h **** 
 122:Drivers/CMSIS/Include/cmsis_gcc.h **** #ifndef __PROGRAM_START
 123:Drivers/CMSIS/Include/cmsis_gcc.h **** 
 124:Drivers/CMSIS/Include/cmsis_gcc.h **** /**
 125:Drivers/CMSIS/Include/cmsis_gcc.h ****   \brief   Initializes data and bss sections
 126:Drivers/CMSIS/Include/cmsis_gcc.h ****   \details This default implementations initialized all data and additional bss
 127:Drivers/CMSIS/Include/cmsis_gcc.h ****            sections relying on .copy.table and .zero.table specified properly
 128:Drivers/CMSIS/Include/cmsis_gcc.h ****            in the used linker script.
ARM GAS  /var/folders/g1/j12m_ky910s3_sv7d4yrsdn00000gn/T//cc7AWx9M.s 			page 9


 129:Drivers/CMSIS/Include/cmsis_gcc.h ****   
 130:Drivers/CMSIS/Include/cmsis_gcc.h ****  */
 131:Drivers/CMSIS/Include/cmsis_gcc.h **** __STATIC_FORCEINLINE __NO_RETURN void __cmsis_start(void)
 132:Drivers/CMSIS/Include/cmsis_gcc.h **** {
 133:Drivers/CMSIS/Include/cmsis_gcc.h ****   extern void _start(void) __NO_RETURN;
 134:Drivers/CMSIS/Include/cmsis_gcc.h ****   
 135:Drivers/CMSIS/Include/cmsis_gcc.h ****   typedef struct {
 136:Drivers/CMSIS/Include/cmsis_gcc.h ****     uint32_t const* src;
 137:Drivers/CMSIS/Include/cmsis_gcc.h ****     uint32_t* dest;
 138:Drivers/CMSIS/Include/cmsis_gcc.h ****     uint32_t  wlen;
 139:Drivers/CMSIS/Include/cmsis_gcc.h ****   } __copy_table_t;
 140:Drivers/CMSIS/Include/cmsis_gcc.h ****   
 141:Drivers/CMSIS/Include/cmsis_gcc.h ****   typedef struct {
 142:Drivers/CMSIS/Include/cmsis_gcc.h ****     uint32_t* dest;
 143:Drivers/CMSIS/Include/cmsis_gcc.h ****     uint32_t  wlen;
 144:Drivers/CMSIS/Include/cmsis_gcc.h ****   } __zero_table_t;
 145:Drivers/CMSIS/Include/cmsis_gcc.h ****   
 146:Drivers/CMSIS/Include/cmsis_gcc.h ****   extern const __copy_table_t __copy_table_start__;
 147:Drivers/CMSIS/Include/cmsis_gcc.h ****   extern const __copy_table_t __copy_table_end__;
 148:Drivers/CMSIS/Include/cmsis_gcc.h ****   extern const __zero_table_t __zero_table_start__;
 149:Drivers/CMSIS/Include/cmsis_gcc.h ****   extern const __zero_table_t __zero_table_end__;
 150:Drivers/CMSIS/Include/cmsis_gcc.h **** 
 151:Drivers/CMSIS/Include/cmsis_gcc.h ****   for (__copy_table_t const* pTable = &__copy_table_start__; pTable < &__copy_table_end__; ++pTable
 152:Drivers/CMSIS/Include/cmsis_gcc.h ****     for(uint32_t i=0u; i<pTable->wlen; ++i) {
 153:Drivers/CMSIS/Include/cmsis_gcc.h ****       pTable->dest[i] = pTable->src[i];
 154:Drivers/CMSIS/Include/cmsis_gcc.h ****     }
 155:Drivers/CMSIS/Include/cmsis_gcc.h ****   }
 156:Drivers/CMSIS/Include/cmsis_gcc.h ****  
 157:Drivers/CMSIS/Include/cmsis_gcc.h ****   for (__zero_table_t const* pTable = &__zero_table_start__; pTable < &__zero_table_end__; ++pTable
 158:Drivers/CMSIS/Include/cmsis_gcc.h ****     for(uint32_t i=0u; i<pTable->wlen; ++i) {
 159:Drivers/CMSIS/Include/cmsis_gcc.h ****       pTable->dest[i] = 0u;
 160:Drivers/CMSIS/Include/cmsis_gcc.h ****     }
 161:Drivers/CMSIS/Include/cmsis_gcc.h ****   }
 162:Drivers/CMSIS/Include/cmsis_gcc.h ****  
 163:Drivers/CMSIS/Include/cmsis_gcc.h ****   _start();
 164:Drivers/CMSIS/Include/cmsis_gcc.h **** }
 165:Drivers/CMSIS/Include/cmsis_gcc.h ****   
 166:Drivers/CMSIS/Include/cmsis_gcc.h **** #define __PROGRAM_START           __cmsis_start
 167:Drivers/CMSIS/Include/cmsis_gcc.h **** #endif
 168:Drivers/CMSIS/Include/cmsis_gcc.h **** 
 169:Drivers/CMSIS/Include/cmsis_gcc.h **** #ifndef __INITIAL_SP
 170:Drivers/CMSIS/Include/cmsis_gcc.h **** #define __INITIAL_SP              __StackTop
 171:Drivers/CMSIS/Include/cmsis_gcc.h **** #endif
 172:Drivers/CMSIS/Include/cmsis_gcc.h **** 
 173:Drivers/CMSIS/Include/cmsis_gcc.h **** #ifndef __STACK_LIMIT
 174:Drivers/CMSIS/Include/cmsis_gcc.h **** #define __STACK_LIMIT             __StackLimit
 175:Drivers/CMSIS/Include/cmsis_gcc.h **** #endif
 176:Drivers/CMSIS/Include/cmsis_gcc.h **** 
 177:Drivers/CMSIS/Include/cmsis_gcc.h **** #ifndef __VECTOR_TABLE
 178:Drivers/CMSIS/Include/cmsis_gcc.h **** #define __VECTOR_TABLE            __Vectors
 179:Drivers/CMSIS/Include/cmsis_gcc.h **** #endif
 180:Drivers/CMSIS/Include/cmsis_gcc.h **** 
 181:Drivers/CMSIS/Include/cmsis_gcc.h **** #ifndef __VECTOR_TABLE_ATTRIBUTE
 182:Drivers/CMSIS/Include/cmsis_gcc.h **** #define __VECTOR_TABLE_ATTRIBUTE  __attribute((used, section(".vectors")))
 183:Drivers/CMSIS/Include/cmsis_gcc.h **** #endif
 184:Drivers/CMSIS/Include/cmsis_gcc.h **** 
 185:Drivers/CMSIS/Include/cmsis_gcc.h **** /* ###########################  Core Function Access  ########################### */
ARM GAS  /var/folders/g1/j12m_ky910s3_sv7d4yrsdn00000gn/T//cc7AWx9M.s 			page 10


 186:Drivers/CMSIS/Include/cmsis_gcc.h **** /** \ingroup  CMSIS_Core_FunctionInterface
 187:Drivers/CMSIS/Include/cmsis_gcc.h ****     \defgroup CMSIS_Core_RegAccFunctions CMSIS Core Register Access Functions
 188:Drivers/CMSIS/Include/cmsis_gcc.h ****   @{
 189:Drivers/CMSIS/Include/cmsis_gcc.h ****  */
 190:Drivers/CMSIS/Include/cmsis_gcc.h **** 
 191:Drivers/CMSIS/Include/cmsis_gcc.h **** /**
 192:Drivers/CMSIS/Include/cmsis_gcc.h ****   \brief   Enable IRQ Interrupts
 193:Drivers/CMSIS/Include/cmsis_gcc.h ****   \details Enables IRQ interrupts by clearing the I-bit in the CPSR.
 194:Drivers/CMSIS/Include/cmsis_gcc.h ****            Can only be executed in Privileged modes.
 195:Drivers/CMSIS/Include/cmsis_gcc.h ****  */
 196:Drivers/CMSIS/Include/cmsis_gcc.h **** __STATIC_FORCEINLINE void __enable_irq(void)
 197:Drivers/CMSIS/Include/cmsis_gcc.h **** {
 198:Drivers/CMSIS/Include/cmsis_gcc.h ****   __ASM volatile ("cpsie i" : : : "memory");
 199:Drivers/CMSIS/Include/cmsis_gcc.h **** }
 200:Drivers/CMSIS/Include/cmsis_gcc.h **** 
 201:Drivers/CMSIS/Include/cmsis_gcc.h **** 
 202:Drivers/CMSIS/Include/cmsis_gcc.h **** /**
 203:Drivers/CMSIS/Include/cmsis_gcc.h ****   \brief   Disable IRQ Interrupts
 204:Drivers/CMSIS/Include/cmsis_gcc.h ****   \details Disables IRQ interrupts by setting the I-bit in the CPSR.
 205:Drivers/CMSIS/Include/cmsis_gcc.h ****            Can only be executed in Privileged modes.
 206:Drivers/CMSIS/Include/cmsis_gcc.h ****  */
 207:Drivers/CMSIS/Include/cmsis_gcc.h **** __STATIC_FORCEINLINE void __disable_irq(void)
 122              		.loc 2 207 27 view .LVU31
 123              	.LBB5:
 208:Drivers/CMSIS/Include/cmsis_gcc.h **** {
 209:Drivers/CMSIS/Include/cmsis_gcc.h ****   __ASM volatile ("cpsid i" : : : "memory");
 124              		.loc 2 209 3 view .LVU32
 125              		.syntax unified
 126              	@ 209 "Drivers/CMSIS/Include/cmsis_gcc.h" 1
 127 0000 72B6     		cpsid i
 128              	@ 0 "" 2
 129              		.thumb
 130              		.syntax unified
 131              	.L4:
 132              	.LBE5:
 133              	.LBE4:
 211:Core/Src/main.c ****   while (1)
 134              		.loc 1 211 3 view .LVU33
 212:Core/Src/main.c ****   {
 213:Core/Src/main.c ****   }
 135              		.loc 1 213 3 view .LVU34
 211:Core/Src/main.c ****   while (1)
 136              		.loc 1 211 9 view .LVU35
 137 0002 FEE7     		b	.L4
 138              		.cfi_endproc
 139              	.LFE147:
 141              		.section	.text.SystemClock_Config,"ax",%progbits
 142              		.align	1
 143              		.global	SystemClock_Config
 144              		.syntax unified
 145              		.thumb
 146              		.thumb_func
 148              	SystemClock_Config:
 149              	.LFB145:
 124:Core/Src/main.c ****   RCC_OscInitTypeDef RCC_OscInitStruct = {0};
 150              		.loc 1 124 1 view -0
 151              		.cfi_startproc
ARM GAS  /var/folders/g1/j12m_ky910s3_sv7d4yrsdn00000gn/T//cc7AWx9M.s 			page 11


 152              		@ args = 0, pretend = 0, frame = 112
 153              		@ frame_needed = 0, uses_anonymous_args = 0
 154 0000 00B5     		push	{lr}
 155              	.LCFI3:
 156              		.cfi_def_cfa_offset 4
 157              		.cfi_offset 14, -4
 158 0002 9DB0     		sub	sp, sp, #116
 159              	.LCFI4:
 160              		.cfi_def_cfa_offset 120
 125:Core/Src/main.c ****   RCC_ClkInitTypeDef RCC_ClkInitStruct = {0};
 161              		.loc 1 125 3 view .LVU37
 125:Core/Src/main.c ****   RCC_ClkInitTypeDef RCC_ClkInitStruct = {0};
 162              		.loc 1 125 22 is_stmt 0 view .LVU38
 163 0004 4C22     		movs	r2, #76
 164 0006 0021     		movs	r1, #0
 165 0008 09A8     		add	r0, sp, #36
 166 000a FFF7FEFF 		bl	memset
 167              	.LVL3:
 126:Core/Src/main.c **** 
 168              		.loc 1 126 3 is_stmt 1 view .LVU39
 126:Core/Src/main.c **** 
 169              		.loc 1 126 22 is_stmt 0 view .LVU40
 170 000e 2022     		movs	r2, #32
 171 0010 0021     		movs	r1, #0
 172 0012 01A8     		add	r0, sp, #4
 173 0014 FFF7FEFF 		bl	memset
 174              	.LVL4:
 130:Core/Src/main.c **** 
 175              		.loc 1 130 3 is_stmt 1 view .LVU41
 176 0018 0220     		movs	r0, #2
 177 001a FFF7FEFF 		bl	HAL_PWREx_ConfigSupply
 178              	.LVL5:
 134:Core/Src/main.c **** 
 179              		.loc 1 134 3 view .LVU42
 180              	.LBB6:
 134:Core/Src/main.c **** 
 181              		.loc 1 134 3 view .LVU43
 182 001e 0023     		movs	r3, #0
 183 0020 0093     		str	r3, [sp]
 134:Core/Src/main.c **** 
 184              		.loc 1 134 3 view .LVU44
 134:Core/Src/main.c **** 
 185              		.loc 1 134 3 discriminator 2 view .LVU45
 186 0022 1E4B     		ldr	r3, .L12
 187 0024 DA6A     		ldr	r2, [r3, #44]
 188 0026 22F00102 		bic	r2, r2, #1
 189 002a DA62     		str	r2, [r3, #44]
 134:Core/Src/main.c **** 
 190              		.loc 1 134 3 view .LVU46
 134:Core/Src/main.c **** 
 191              		.loc 1 134 3 is_stmt 0 discriminator 2 view .LVU47
 192 002c DB6A     		ldr	r3, [r3, #44]
 193 002e 03F00103 		and	r3, r3, #1
 194 0032 0093     		str	r3, [sp]
 134:Core/Src/main.c **** 
 195              		.loc 1 134 3 is_stmt 1 view .LVU48
 134:Core/Src/main.c **** 
ARM GAS  /var/folders/g1/j12m_ky910s3_sv7d4yrsdn00000gn/T//cc7AWx9M.s 			page 12


 196              		.loc 1 134 3 is_stmt 0 discriminator 2 view .LVU49
 197 0034 1A4A     		ldr	r2, .L12+4
 198 0036 9369     		ldr	r3, [r2, #24]
 199 0038 23F44043 		bic	r3, r3, #49152
 200 003c 43F48043 		orr	r3, r3, #16384
 201 0040 9361     		str	r3, [r2, #24]
 134:Core/Src/main.c **** 
 202              		.loc 1 134 3 is_stmt 1 view .LVU50
 134:Core/Src/main.c **** 
 203              		.loc 1 134 3 is_stmt 0 discriminator 2 view .LVU51
 204 0042 9369     		ldr	r3, [r2, #24]
 205 0044 03F44043 		and	r3, r3, #49152
 206 0048 0093     		str	r3, [sp]
 134:Core/Src/main.c **** 
 207              		.loc 1 134 3 is_stmt 1 discriminator 4 view .LVU52
 208 004a 009B     		ldr	r3, [sp]
 209              	.LBE6:
 134:Core/Src/main.c **** 
 210              		.loc 1 134 3 view .LVU53
 136:Core/Src/main.c **** 
 211              		.loc 1 136 3 view .LVU54
 212              	.L6:
 136:Core/Src/main.c **** 
 213              		.loc 1 136 48 discriminator 1 view .LVU55
 136:Core/Src/main.c **** 
 214              		.loc 1 136 9 discriminator 1 view .LVU56
 136:Core/Src/main.c **** 
 215              		.loc 1 136 10 is_stmt 0 discriminator 1 view .LVU57
 216 004c 144B     		ldr	r3, .L12+4
 217 004e 9B69     		ldr	r3, [r3, #24]
 136:Core/Src/main.c **** 
 218              		.loc 1 136 9 discriminator 1 view .LVU58
 219 0050 13F4005F 		tst	r3, #8192
 220 0054 FAD0     		beq	.L6
 141:Core/Src/main.c ****   RCC_OscInitStruct.HSIState = RCC_HSI_DIV1;
 221              		.loc 1 141 3 is_stmt 1 view .LVU59
 141:Core/Src/main.c ****   RCC_OscInitStruct.HSIState = RCC_HSI_DIV1;
 222              		.loc 1 141 36 is_stmt 0 view .LVU60
 223 0056 0223     		movs	r3, #2
 224 0058 0993     		str	r3, [sp, #36]
 142:Core/Src/main.c ****   RCC_OscInitStruct.HSICalibrationValue = RCC_HSICALIBRATION_DEFAULT;
 225              		.loc 1 142 3 is_stmt 1 view .LVU61
 142:Core/Src/main.c ****   RCC_OscInitStruct.HSICalibrationValue = RCC_HSICALIBRATION_DEFAULT;
 226              		.loc 1 142 30 is_stmt 0 view .LVU62
 227 005a 0123     		movs	r3, #1
 228 005c 0C93     		str	r3, [sp, #48]
 143:Core/Src/main.c ****   RCC_OscInitStruct.PLL.PLLState = RCC_PLL_NONE;
 229              		.loc 1 143 3 is_stmt 1 view .LVU63
 143:Core/Src/main.c ****   RCC_OscInitStruct.PLL.PLLState = RCC_PLL_NONE;
 230              		.loc 1 143 41 is_stmt 0 view .LVU64
 231 005e 4023     		movs	r3, #64
 232 0060 0D93     		str	r3, [sp, #52]
 144:Core/Src/main.c ****   if (HAL_RCC_OscConfig(&RCC_OscInitStruct) != HAL_OK)
 233              		.loc 1 144 3 is_stmt 1 view .LVU65
 144:Core/Src/main.c ****   if (HAL_RCC_OscConfig(&RCC_OscInitStruct) != HAL_OK)
 234              		.loc 1 144 34 is_stmt 0 view .LVU66
 235 0062 0023     		movs	r3, #0
ARM GAS  /var/folders/g1/j12m_ky910s3_sv7d4yrsdn00000gn/T//cc7AWx9M.s 			page 13


 236 0064 1293     		str	r3, [sp, #72]
 145:Core/Src/main.c ****   {
 237              		.loc 1 145 3 is_stmt 1 view .LVU67
 145:Core/Src/main.c ****   {
 238              		.loc 1 145 7 is_stmt 0 view .LVU68
 239 0066 09A8     		add	r0, sp, #36
 240 0068 FFF7FEFF 		bl	HAL_RCC_OscConfig
 241              	.LVL6:
 145:Core/Src/main.c ****   {
 242              		.loc 1 145 6 discriminator 1 view .LVU69
 243 006c 88B9     		cbnz	r0, .L10
 152:Core/Src/main.c ****                               |RCC_CLOCKTYPE_PCLK1|RCC_CLOCKTYPE_PCLK2
 244              		.loc 1 152 3 is_stmt 1 view .LVU70
 152:Core/Src/main.c ****                               |RCC_CLOCKTYPE_PCLK1|RCC_CLOCKTYPE_PCLK2
 245              		.loc 1 152 31 is_stmt 0 view .LVU71
 246 006e 3F23     		movs	r3, #63
 247 0070 0193     		str	r3, [sp, #4]
 155:Core/Src/main.c ****   RCC_ClkInitStruct.SYSCLKDivider = RCC_SYSCLK_DIV1;
 248              		.loc 1 155 3 is_stmt 1 view .LVU72
 155:Core/Src/main.c ****   RCC_ClkInitStruct.SYSCLKDivider = RCC_SYSCLK_DIV1;
 249              		.loc 1 155 34 is_stmt 0 view .LVU73
 250 0072 0023     		movs	r3, #0
 251 0074 0293     		str	r3, [sp, #8]
 156:Core/Src/main.c ****   RCC_ClkInitStruct.AHBCLKDivider = RCC_HCLK_DIV1;
 252              		.loc 1 156 3 is_stmt 1 view .LVU74
 156:Core/Src/main.c ****   RCC_ClkInitStruct.AHBCLKDivider = RCC_HCLK_DIV1;
 253              		.loc 1 156 35 is_stmt 0 view .LVU75
 254 0076 0393     		str	r3, [sp, #12]
 157:Core/Src/main.c ****   RCC_ClkInitStruct.APB3CLKDivider = RCC_APB3_DIV1;
 255              		.loc 1 157 3 is_stmt 1 view .LVU76
 157:Core/Src/main.c ****   RCC_ClkInitStruct.APB3CLKDivider = RCC_APB3_DIV1;
 256              		.loc 1 157 35 is_stmt 0 view .LVU77
 257 0078 0493     		str	r3, [sp, #16]
 158:Core/Src/main.c ****   RCC_ClkInitStruct.APB1CLKDivider = RCC_APB1_DIV1;
 258              		.loc 1 158 3 is_stmt 1 view .LVU78
 158:Core/Src/main.c ****   RCC_ClkInitStruct.APB1CLKDivider = RCC_APB1_DIV1;
 259              		.loc 1 158 36 is_stmt 0 view .LVU79
 260 007a 0593     		str	r3, [sp, #20]
 159:Core/Src/main.c ****   RCC_ClkInitStruct.APB2CLKDivider = RCC_APB2_DIV1;
 261              		.loc 1 159 3 is_stmt 1 view .LVU80
 159:Core/Src/main.c ****   RCC_ClkInitStruct.APB2CLKDivider = RCC_APB2_DIV1;
 262              		.loc 1 159 36 is_stmt 0 view .LVU81
 263 007c 0693     		str	r3, [sp, #24]
 160:Core/Src/main.c ****   RCC_ClkInitStruct.APB4CLKDivider = RCC_APB4_DIV1;
 264              		.loc 1 160 3 is_stmt 1 view .LVU82
 160:Core/Src/main.c ****   RCC_ClkInitStruct.APB4CLKDivider = RCC_APB4_DIV1;
 265              		.loc 1 160 36 is_stmt 0 view .LVU83
 266 007e 0793     		str	r3, [sp, #28]
 161:Core/Src/main.c **** 
 267              		.loc 1 161 3 is_stmt 1 view .LVU84
 161:Core/Src/main.c **** 
 268              		.loc 1 161 36 is_stmt 0 view .LVU85
 269 0080 0893     		str	r3, [sp, #32]
 163:Core/Src/main.c ****   {
 270              		.loc 1 163 3 is_stmt 1 view .LVU86
 163:Core/Src/main.c ****   {
 271              		.loc 1 163 7 is_stmt 0 view .LVU87
ARM GAS  /var/folders/g1/j12m_ky910s3_sv7d4yrsdn00000gn/T//cc7AWx9M.s 			page 14


 272 0082 0121     		movs	r1, #1
 273 0084 01A8     		add	r0, sp, #4
 274 0086 FFF7FEFF 		bl	HAL_RCC_ClockConfig
 275              	.LVL7:
 163:Core/Src/main.c ****   {
 276              		.loc 1 163 6 discriminator 1 view .LVU88
 277 008a 20B9     		cbnz	r0, .L11
 167:Core/Src/main.c **** 
 278              		.loc 1 167 1 view .LVU89
 279 008c 1DB0     		add	sp, sp, #116
 280              	.LCFI5:
 281              		.cfi_remember_state
 282              		.cfi_def_cfa_offset 4
 283              		@ sp needed
 284 008e 5DF804FB 		ldr	pc, [sp], #4
 285              	.L10:
 286              	.LCFI6:
 287              		.cfi_restore_state
 147:Core/Src/main.c ****   }
 288              		.loc 1 147 5 is_stmt 1 view .LVU90
 289 0092 FFF7FEFF 		bl	Error_Handler
 290              	.LVL8:
 291              	.L11:
 165:Core/Src/main.c ****   }
 292              		.loc 1 165 5 view .LVU91
 293 0096 FFF7FEFF 		bl	Error_Handler
 294              	.LVL9:
 295              	.L13:
 296 009a 00BF     		.align	2
 297              	.L12:
 298 009c 00040058 		.word	1476396032
 299 00a0 00480258 		.word	1476544512
 300              		.cfi_endproc
 301              	.LFE145:
 303              		.section	.text.main,"ax",%progbits
 304              		.align	1
 305              		.global	main
 306              		.syntax unified
 307              		.thumb
 308              		.thumb_func
 310              	main:
 311              	.LFB144:
  69:Core/Src/main.c **** 
 312              		.loc 1 69 1 view -0
 313              		.cfi_startproc
 314              		@ args = 0, pretend = 0, frame = 0
 315              		@ frame_needed = 0, uses_anonymous_args = 0
 316 0000 10B5     		push	{r4, lr}
 317              	.LCFI7:
 318              		.cfi_def_cfa_offset 8
 319              		.cfi_offset 4, -8
 320              		.cfi_offset 14, -4
  76:Core/Src/main.c **** 
 321              		.loc 1 76 3 view .LVU93
 322 0002 FFF7FEFF 		bl	MPU_Config
 323              	.LVL10:
  81:Core/Src/main.c **** 
ARM GAS  /var/folders/g1/j12m_ky910s3_sv7d4yrsdn00000gn/T//cc7AWx9M.s 			page 15


 324              		.loc 1 81 3 view .LVU94
 325 0006 FFF7FEFF 		bl	HAL_Init
 326              	.LVL11:
  88:Core/Src/main.c **** 
 327              		.loc 1 88 3 view .LVU95
 328 000a FFF7FEFF 		bl	SystemClock_Config
 329              	.LVL12:
  95:Core/Src/main.c ****   MX_TIM1_Init();
 330              		.loc 1 95 3 view .LVU96
 331 000e FFF7FEFF 		bl	MX_GPIO_Init
 332              	.LVL13:
  96:Core/Src/main.c ****   /* USER CODE BEGIN 2 */
 333              		.loc 1 96 3 view .LVU97
 334 0012 FFF7FEFF 		bl	MX_TIM1_Init
 335              	.LVL14:
  98:Core/Src/main.c ****   HAL_TIMEx_PWMN_Start(&htim1, TIM_CHANNEL_1);
 336              		.loc 1 98 3 view .LVU98
 337 0016 224C     		ldr	r4, .L17+16
 338 0018 0021     		movs	r1, #0
 339 001a 2046     		mov	r0, r4
 340 001c FFF7FEFF 		bl	HAL_TIM_PWM_Start
 341              	.LVL15:
  99:Core/Src/main.c **** 
 342              		.loc 1 99 3 view .LVU99
 343 0020 0021     		movs	r1, #0
 344 0022 2046     		mov	r0, r4
 345 0024 FFF7FEFF 		bl	HAL_TIMEx_PWMN_Start
 346              	.LVL16:
 347              	.L15:
 105:Core/Src/main.c ****   {
 348              		.loc 1 105 3 view .LVU100
 349              	.LBB7:
 107:Core/Src/main.c ****     duty = 0.5*sin(2*3.14*t) + 0.5; // 赋值给全局变量
 350              		.loc 1 107 5 view .LVU101
 107:Core/Src/main.c ****     duty = 0.5*sin(2*3.14*t) + 0.5; // 赋值给全局变量
 351              		.loc 1 107 15 is_stmt 0 view .LVU102
 352 0028 FFF7FEFF 		bl	HAL_GetTick
 353              	.LVL17:
 354 002c 07EE100A 		vmov	s14, r0	@ int
 107:Core/Src/main.c ****     duty = 0.5*sin(2*3.14*t) + 0.5; // 赋值给全局变量
 355              		.loc 1 107 28 discriminator 1 view .LVU103
 356 0030 B8EE477B 		vcvt.f64.u32	d7, s14
 357 0034 9FED166B 		vldr.64	d6, .L17
 358 0038 27EE067B 		vmul.f64	d7, d7, d6
 107:Core/Src/main.c ****     duty = 0.5*sin(2*3.14*t) + 0.5; // 赋值给全局变量
 359              		.loc 1 107 11 discriminator 1 view .LVU104
 360 003c B7EEC77B 		vcvt.f32.f64	s14, d7
 361              	.LVL18:
 108:Core/Src/main.c ****     uint16_t arr = __HAL_TIM_GetAutoreload(&htim1);
 362              		.loc 1 108 5 is_stmt 1 view .LVU105
 108:Core/Src/main.c ****     uint16_t arr = __HAL_TIM_GetAutoreload(&htim1);
 363              		.loc 1 108 16 is_stmt 0 view .LVU106
 364 0040 B7EEC77A 		vcvt.f64.f32	d7, s14
 365              	.LVL19:
 108:Core/Src/main.c ****     uint16_t arr = __HAL_TIM_GetAutoreload(&htim1);
 366              		.loc 1 108 16 view .LVU107
 367 0044 9FED140B 		vldr.64	d0, .L17+8
ARM GAS  /var/folders/g1/j12m_ky910s3_sv7d4yrsdn00000gn/T//cc7AWx9M.s 			page 16


 368 0048 27EE000B 		vmul.f64	d0, d7, d0
 369 004c FFF7FEFF 		bl	sin
 370              	.LVL20:
 108:Core/Src/main.c ****     uint16_t arr = __HAL_TIM_GetAutoreload(&htim1);
 371              		.loc 1 108 15 discriminator 1 view .LVU108
 372 0050 B6EE007B 		vmov.f64	d7, #5.0e-1
 108:Core/Src/main.c ****     uint16_t arr = __HAL_TIM_GetAutoreload(&htim1);
 373              		.loc 1 108 30 discriminator 1 view .LVU109
 374 0054 00EE077B 		vmla.f64	d7, d0, d7
 375 0058 B7EEC77B 		vcvt.f32.f64	s14, d7
 108:Core/Src/main.c ****     uint16_t arr = __HAL_TIM_GetAutoreload(&htim1);
 376              		.loc 1 108 10 discriminator 1 view .LVU110
 377 005c 1149     		ldr	r1, .L17+20
 378 005e 81ED007A 		vstr.32	s14, [r1]
 109:Core/Src/main.c ****     uint16_t ccr = duty*(arr+1);
 379              		.loc 1 109 5 is_stmt 1 view .LVU111
 109:Core/Src/main.c ****     uint16_t ccr = duty*(arr+1);
 380              		.loc 1 109 20 is_stmt 0 view .LVU112
 381 0062 0F4B     		ldr	r3, .L17+16
 382 0064 1A68     		ldr	r2, [r3]
 383 0066 D36A     		ldr	r3, [r2, #44]
 384              	.LVL21:
 110:Core/Src/main.c ****     __HAL_TIM_SetCompare(&htim1, TIM_CHANNEL_1, ccr);
 385              		.loc 1 110 5 is_stmt 1 view .LVU113
 110:Core/Src/main.c ****     __HAL_TIM_SetCompare(&htim1, TIM_CHANNEL_1, ccr);
 386              		.loc 1 110 29 is_stmt 0 view .LVU114
 387 0068 9BB2     		uxth	r3, r3
 110:Core/Src/main.c ****     __HAL_TIM_SetCompare(&htim1, TIM_CHANNEL_1, ccr);
 388              		.loc 1 110 29 view .LVU115
 389 006a 0133     		adds	r3, r3, #1
 390              	.LVL22:
 110:Core/Src/main.c ****     __HAL_TIM_SetCompare(&htim1, TIM_CHANNEL_1, ccr);
 391              		.loc 1 110 29 view .LVU116
 392 006c 07EE903A 		vmov	s15, r3	@ int
 110:Core/Src/main.c ****     __HAL_TIM_SetCompare(&htim1, TIM_CHANNEL_1, ccr);
 393              		.loc 1 110 24 view .LVU117
 394 0070 91ED007A 		vldr.32	s14, [r1]
 395 0074 F8EEE77A 		vcvt.f32.s32	s15, s15
 396 0078 67EE877A 		vmul.f32	s15, s15, s14
 110:Core/Src/main.c ****     __HAL_TIM_SetCompare(&htim1, TIM_CHANNEL_1, ccr);
 397              		.loc 1 110 14 view .LVU118
 398 007c FCEEE77A 		vcvt.u32.f32	s15, s15
 399 0080 17EE903A 		vmov	r3, s15	@ int
 400              	.LVL23:
 110:Core/Src/main.c ****     __HAL_TIM_SetCompare(&htim1, TIM_CHANNEL_1, ccr);
 401              		.loc 1 110 14 view .LVU119
 402 0084 9BB2     		uxth	r3, r3
 403              	.LVL24:
 111:Core/Src/main.c ****     /* USER CODE END WHILE */
 404              		.loc 1 111 5 is_stmt 1 discriminator 1 view .LVU120
 405 0086 5363     		str	r3, [r2, #52]
 406              	.LBE7:
 105:Core/Src/main.c ****   {
 407              		.loc 1 105 9 view .LVU121
 408 0088 CEE7     		b	.L15
 409              	.L18:
 410 008a 00BFAFF3 		.align	3
ARM GAS  /var/folders/g1/j12m_ky910s3_sv7d4yrsdn00000gn/T//cc7AWx9M.s 			page 17


 410      0080
 411              	.L17:
 412 0090 FCA9F1D2 		.word	-755914244
 413 0094 4D62503F 		.word	1062232653
 414 0098 1F85EB51 		.word	1374389535
 415 009c B81E1940 		.word	1075388088
 416 00a0 00000000 		.word	htim1
 417 00a4 00000000 		.word	duty
 418              		.cfi_endproc
 419              	.LFE144:
 421              		.global	duty
 422              		.section	.bss.duty,"aw",%nobits
 423              		.align	2
 426              	duty:
 427 0000 00000000 		.space	4
 428              		.text
 429              	.Letext0:
 430              		.file 3 "/Users/zhy/Tools/xpack-arm-none-eabi-gcc-14.2.1-1.1/arm-none-eabi/include/machine/_defaul
 431              		.file 4 "/Users/zhy/Tools/xpack-arm-none-eabi-gcc-14.2.1-1.1/arm-none-eabi/include/sys/_stdint.h"
 432              		.file 5 "Drivers/CMSIS/Device/ST/STM32H7xx/Include/stm32h743xx.h"
 433              		.file 6 "Drivers/STM32H7xx_HAL_Driver/Inc/stm32h7xx_hal_def.h"
 434              		.file 7 "Drivers/STM32H7xx_HAL_Driver/Inc/stm32h7xx_hal_rcc.h"
 435              		.file 8 "Drivers/STM32H7xx_HAL_Driver/Inc/stm32h7xx_hal_dma.h"
 436              		.file 9 "Drivers/STM32H7xx_HAL_Driver/Inc/stm32h7xx_hal_cortex.h"
 437              		.file 10 "Drivers/STM32H7xx_HAL_Driver/Inc/stm32h7xx_hal_tim.h"
 438              		.file 11 "Core/Inc/tim.h"
 439              		.file 12 "Drivers/STM32H7xx_HAL_Driver/Inc/stm32h7xx_hal_pwr_ex.h"
 440              		.file 13 "Drivers/STM32H7xx_HAL_Driver/Inc/stm32h7xx_hal_tim_ex.h"
 441              		.file 14 "Core/Inc/gpio.h"
 442              		.file 15 "Drivers/STM32H7xx_HAL_Driver/Inc/stm32h7xx_hal.h"
 443              		.file 16 "/Users/zhy/Tools/xpack-arm-none-eabi-gcc-14.2.1-1.1/arm-none-eabi/include/math.h"
 444              		.file 17 "<built-in>"
ARM GAS  /var/folders/g1/j12m_ky910s3_sv7d4yrsdn00000gn/T//cc7AWx9M.s 			page 18


DEFINED SYMBOLS
                            *ABS*:00000000 main.c
/var/folders/g1/j12m_ky910s3_sv7d4yrsdn00000gn/T//cc7AWx9M.s:20     .text.MPU_Config:00000000 $t
/var/folders/g1/j12m_ky910s3_sv7d4yrsdn00000gn/T//cc7AWx9M.s:25     .text.MPU_Config:00000000 MPU_Config
/var/folders/g1/j12m_ky910s3_sv7d4yrsdn00000gn/T//cc7AWx9M.s:104    .text.Error_Handler:00000000 $t
/var/folders/g1/j12m_ky910s3_sv7d4yrsdn00000gn/T//cc7AWx9M.s:110    .text.Error_Handler:00000000 Error_Handler
/var/folders/g1/j12m_ky910s3_sv7d4yrsdn00000gn/T//cc7AWx9M.s:142    .text.SystemClock_Config:00000000 $t
/var/folders/g1/j12m_ky910s3_sv7d4yrsdn00000gn/T//cc7AWx9M.s:148    .text.SystemClock_Config:00000000 SystemClock_Config
/var/folders/g1/j12m_ky910s3_sv7d4yrsdn00000gn/T//cc7AWx9M.s:298    .text.SystemClock_Config:0000009c $d
/var/folders/g1/j12m_ky910s3_sv7d4yrsdn00000gn/T//cc7AWx9M.s:304    .text.main:00000000 $t
/var/folders/g1/j12m_ky910s3_sv7d4yrsdn00000gn/T//cc7AWx9M.s:310    .text.main:00000000 main
/var/folders/g1/j12m_ky910s3_sv7d4yrsdn00000gn/T//cc7AWx9M.s:412    .text.main:00000090 $d
/var/folders/g1/j12m_ky910s3_sv7d4yrsdn00000gn/T//cc7AWx9M.s:426    .bss.duty:00000000 duty
/var/folders/g1/j12m_ky910s3_sv7d4yrsdn00000gn/T//cc7AWx9M.s:423    .bss.duty:00000000 $d

UNDEFINED SYMBOLS
HAL_MPU_Disable
HAL_MPU_ConfigRegion
HAL_MPU_Enable
memset
HAL_PWREx_ConfigSupply
HAL_RCC_OscConfig
HAL_RCC_ClockConfig
HAL_Init
MX_GPIO_Init
MX_TIM1_Init
HAL_TIM_PWM_Start
HAL_TIMEx_PWMN_Start
HAL_GetTick
sin
htim1
